<?xml version="1.0" encoding="UTF-8"?>
<testsuite xmlns:xsi="http://www.w3.org/2001/XMLSchema-instance" xsi:noNamespaceSchemaLocation="https://maven.apache.org/surefire/maven-surefire-plugin/xsd/surefire-test-report-3.0.xsd" version="3.0" name="com.musiqle.Musiqle.MusiqleApplicationTests" time="11.855" tests="1" errors="0" skipped="0" failures="0">
  <properties>
[...]
</properties>
  <testcase name="contextLoads" classname="com.musiqle.Musiqle.MusiqleApplicationTests" time="1.065">
    <system-out><![CDATA[09:38:50.284 [main] INFO org.springframework.test.context.support.AnnotationConfigContextLoaderUtils -- Could not detect default configuration classes for test class [com.musiqle.Musiqle.MusiqleApplicationTests]: MusiqleApplicationTests does not declare any static, non-private, non-final, nested classes annotated with @Configuration.
09:38:50.585 [main] INFO org.springframework.boot.test.context.SpringBootTestContextBootstrapper -- Found @SpringBootConfiguration com.musiqle.Musiqle.MusiqleApplication for test class com.musiqle.Musiqle.MusiqleApplicationTests
2023-08-14T09:38:51.587-04:00  INFO 48538 --- [           main] c.m.Musiqle.MusiqleApplicationTests      : Starting MusiqleApplicationTests using Java 17.0.8 with PID 48538 (started by agneskim in /Users/agneskim/ada/projects/musiqle-back-end)
2023-08-14T09:38:51.706-04:00  INFO 48538 --- [           main] c.m.Musiqle.MusiqleApplicationTests      : No active profile set, falling back to 1 default profile: "default"
2023-08-14T09:38:55.185-04:00  INFO 48538 --- [           main] o.hibernate.jpa.internal.util.LogHelper  : HHH000204: Processing PersistenceUnitInfo [name: default]
2023-08-14T09:38:55.263-04:00  INFO 48538 --- [           main] org.hibernate.Version                    : HHH000412: Hibernate ORM core version 6.2.6.Final
2023-08-14T09:38:55.267-04:00  INFO 48538 --- [           main] org.hibernate.cfg.Environment            : HHH000406: Using bytecode reflection optimizer
2023-08-14T09:38:55.509-04:00  INFO 48538 --- [           main] o.h.b.i.BytecodeProviderInitiator        : HHH000021: Bytecode provider name : bytebuddy
2023-08-14T09:38:55.855-04:00  INFO 48538 --- [           main] com.zaxxer.hikari.HikariDataSource       : HikariPool-1 - Starting...
2023-08-14T09:38:56.320-04:00  INFO 48538 --- [           main] com.zaxxer.hikari.pool.HikariPool        : HikariPool-1 - Added connection org.postgresql.jdbc.PgConnection@4df7d9ee
2023-08-14T09:38:56.322-04:00  INFO 48538 --- [           main] com.zaxxer.hikari.HikariDataSource       : HikariPool-1 - Start completed.
2023-08-14T09:38:56.824-04:00  INFO 48538 --- [           main] o.h.b.i.BytecodeProviderInitiator        : HHH000021: Bytecode provider name : bytebuddy
2023-08-14T09:38:58.057-04:00  INFO 48538 --- [           main] o.h.e.t.j.p.i.JtaPlatformInitiator       : HHH000490: Using JtaPlatform implementation: [org.hibernate.engine.transaction.jta.platform.internal.NoJtaPlatform]
2023-08-14T09:39:00.542-04:00  INFO 48538 --- [           main] c.m.Musiqle.MusiqleApplicationTests      : Started MusiqleApplicationTests in 9.561 seconds (process running for 12.423)
]]></system-out>
  </testcase>
</testsuite>